{"D:\\Users\\Zver\\Desktop\\rss-react\\react_redux-magic\\src\\Api.ts": {"path":"D:\\Users\\Zver\\Desktop\\rss-react\\react_redux-magic\\src\\Api.ts","statementMap":{"0":{"start":{"line":13,"column":4},"end":{"line":17,"column":6}},"1":{"start":{"line":18,"column":4},"end":{"line":18,"column":19}},"2":{"start":{"line":19,"column":4},"end":{"line":19,"column":20}},"3":{"start":{"line":23,"column":4},"end":{"line":23,"column":51}},"4":{"start":{"line":27,"column":4},"end":{"line":38,"column":null}},"5":{"start":{"line":28,"column":21},"end":{"line":28,"column":60}},"6":{"start":{"line":29,"column":18},"end":{"line":29,"column":37}},"7":{"start":{"line":30,"column":6},"end":{"line":35,"column":null}},"8":{"start":{"line":31,"column":20},"end":{"line":31,"column":36}},"9":{"start":{"line":32,"column":8},"end":{"line":32,"column":31}},"10":{"start":{"line":33,"column":13},"end":{"line":35,"column":null}},"11":{"start":{"line":34,"column":8},"end":{"line":34,"column":24}},"12":{"start":{"line":37,"column":6},"end":{"line":37,"column":53}},"13":{"start":{"line":42,"column":14},"end":{"line":42,"column":16}},"14":{"start":{"line":43,"column":17},"end":{"line":43,"column":45}},"15":{"start":{"line":44,"column":4},"end":{"line":48,"column":7}},"16":{"start":{"line":45,"column":27},"end":{"line":45,"column":30}},"17":{"start":{"line":46,"column":6},"end":{"line":46,"column":31}},"18":{"start":{"line":47,"column":6},"end":{"line":47,"column":48}},"19":{"start":{"line":47,"column":37},"end":{"line":47,"column":48}},"20":{"start":{"line":49,"column":4},"end":{"line":49,"column":15}},"21":{"start":{"line":5,"column":0},"end":{"line":5,"column":13}},"22":{"start":{"line":53,"column":13},"end":{"line":53,"column":72}}},"fnMap":{"0":{"name":"(anonymous_7)","decl":{"start":{"line":12,"column":2},"end":{"line":12,"column":14}},"loc":{"start":{"line":12,"column":25},"end":{"line":20,"column":3}}},"1":{"name":"(anonymous_8)","decl":{"start":{"line":22,"column":2},"end":{"line":22,"column":12}},"loc":{"start":{"line":22,"column":30},"end":{"line":24,"column":3}}},"2":{"name":"(anonymous_9)","decl":{"start":{"line":26,"column":8},"end":{"line":26,"column":16}},"loc":{"start":{"line":26,"column":16},"end":{"line":39,"column":null}}},"3":{"name":"(anonymous_11)","decl":{"start":{"line":41,"column":2},"end":{"line":41,"column":17}},"loc":{"start":{"line":41,"column":17},"end":{"line":50,"column":3}}},"4":{"name":"(anonymous_12)","decl":{"start":{"line":44,"column":17},"end":{"line":44,"column":18}},"loc":{"start":{"line":44,"column":32},"end":{"line":48,"column":5}}}},"branchMap":{"0":{"loc":{"start":{"line":30,"column":6},"end":{"line":35,"column":null}},"type":"if","locations":[{"start":{"line":30,"column":6},"end":{"line":35,"column":null}},{"start":{"line":30,"column":6},"end":{"line":35,"column":null}}]},"1":{"loc":{"start":{"line":33,"column":13},"end":{"line":35,"column":null}},"type":"if","locations":[{"start":{"line":33,"column":13},"end":{"line":35,"column":null}},{"start":{"line":33,"column":13},"end":{"line":35,"column":null}}]},"2":{"loc":{"start":{"line":47,"column":6},"end":{"line":47,"column":48}},"type":"if","locations":[{"start":{"line":47,"column":6},"end":{"line":47,"column":48}},{"start":{"line":47,"column":6},"end":{"line":47,"column":48}}]}},"s":{"0":1,"1":1,"2":1,"3":0,"4":3,"5":3,"6":3,"7":0,"8":0,"9":0,"10":0,"11":0,"12":3,"13":3,"14":3,"15":3,"16":9,"17":9,"18":9,"19":6,"20":3,"21":1,"22":1},"f":{"0":1,"1":0,"2":3,"3":3,"4":9},"b":{"0":[0,0],"1":[0,0],"2":[6,3]}}
,"D:\\Users\\Zver\\Desktop\\rss-react\\react_redux-magic\\src\\types.ts": {"path":"D:\\Users\\Zver\\Desktop\\rss-react\\react_redux-magic\\src\\types.ts","statementMap":{"0":{"start":{"line":12,"column":0},"end":{"line":12,"column":null}},"1":{"start":{"line":13,"column":2},"end":{"line":13,"column":null}},"2":{"start":{"line":14,"column":2},"end":{"line":14,"column":null}},"3":{"start":{"line":15,"column":2},"end":{"line":15,"column":null}},"4":{"start":{"line":16,"column":2},"end":{"line":16,"column":null}},"5":{"start":{"line":17,"column":2},"end":{"line":17,"column":null}}},"fnMap":{"0":{"name":"(anonymous_0)","decl":{"start":{"line":12,"column":0},"end":{"line":12,"column":12}},"loc":{"start":{"line":12,"column":19},"end":{"line":18,"column":1}}}},"branchMap":{"0":{"loc":{"start":{"line":12,"column":12},"end":{"line":12,"column":19}},"type":"binary-expr","locations":[{"start":{"line":12,"column":12},"end":{"line":12,"column":19}},{"start":{"line":12,"column":12},"end":{"line":12,"column":null}}]}},"s":{"0":1,"1":1,"2":1,"3":1,"4":1,"5":1},"f":{"0":1},"b":{"0":[1,1]}}
,"D:\\Users\\Zver\\Desktop\\rss-react\\react_redux-magic\\src\\About\\About.tsx": {"path":"D:\\Users\\Zver\\Desktop\\rss-react\\react_redux-magic\\src\\About\\About.tsx","statementMap":{"0":{"start":{"line":1,"column":0},"end":{"line":1,"column":26}},"1":{"start":{"line":2,"column":0},"end":{"line":2,"column":43}},"2":{"start":{"line":3,"column":0},"end":{"line":3,"column":22}},"3":{"start":{"line":6,"column":2},"end":{"line":16,"column":4}},"4":{"start":{"line":5,"column":0},"end":{"line":5,"column":24}}},"fnMap":{"0":{"name":"About","decl":{"start":{"line":5,"column":24},"end":{"line":5,"column":29}},"loc":{"start":{"line":5,"column":29},"end":{"line":17,"column":1}}}},"branchMap":{},"s":{"0":1,"1":1,"2":1,"3":1,"4":1},"f":{"0":1},"b":{}}
,"D:\\Users\\Zver\\Desktop\\rss-react\\react_redux-magic\\src\\App\\App.tsx": {"path":"D:\\Users\\Zver\\Desktop\\rss-react\\react_redux-magic\\src\\App\\App.tsx","statementMap":{"0":{"start":{"line":1,"column":0},"end":{"line":1,"column":26}},"1":{"start":{"line":2,"column":0},"end":{"line":2,"column":61}},"2":{"start":{"line":3,"column":0},"end":{"line":3,"column":35}},"3":{"start":{"line":4,"column":0},"end":{"line":4,"column":50}},"4":{"start":{"line":5,"column":0},"end":{"line":5,"column":38}},"5":{"start":{"line":6,"column":0},"end":{"line":6,"column":32}},"6":{"start":{"line":7,"column":0},"end":{"line":7,"column":56}},"7":{"start":{"line":9,"column":0},"end":{"line":9,"column":22}},"8":{"start":{"line":12,"column":2},"end":{"line":34,"column":4}},"9":{"start":{"line":11,"column":0},"end":{"line":11,"column":24}}},"fnMap":{"0":{"name":"App","decl":{"start":{"line":11,"column":24},"end":{"line":11,"column":27}},"loc":{"start":{"line":11,"column":27},"end":{"line":35,"column":1}}}},"branchMap":{},"s":{"0":1,"1":1,"2":1,"3":1,"4":1,"5":1,"6":1,"7":1,"8":2,"9":1},"f":{"0":2},"b":{}}
,"D:\\Users\\Zver\\Desktop\\rss-react\\react_redux-magic\\src\\Card\\Card.tsx": {"path":"D:\\Users\\Zver\\Desktop\\rss-react\\react_redux-magic\\src\\Card\\Card.tsx","statementMap":{"0":{"start":{"line":1,"column":0},"end":{"line":1,"column":26}},"1":{"start":{"line":2,"column":0},"end":{"line":2,"column":43}},"2":{"start":{"line":4,"column":0},"end":{"line":4,"column":22}},"3":{"start":{"line":7,"column":2},"end":{"line":14,"column":4}},"4":{"start":{"line":6,"column":0},"end":{"line":6,"column":24}}},"fnMap":{"0":{"name":"Card","decl":{"start":{"line":6,"column":24},"end":{"line":6,"column":28}},"loc":{"start":{"line":6,"column":41},"end":{"line":15,"column":1}}}},"branchMap":{},"s":{"0":1,"1":1,"2":1,"3":0,"4":1},"f":{"0":0},"b":{}}
,"D:\\Users\\Zver\\Desktop\\rss-react\\react_redux-magic\\src\\CardDetail\\CardDetail.tsx": {"path":"D:\\Users\\Zver\\Desktop\\rss-react\\react_redux-magic\\src\\CardDetail\\CardDetail.tsx","statementMap":{"0":{"start":{"line":1,"column":0},"end":{"line":1,"column":26}},"1":{"start":{"line":2,"column":0},"end":{"line":2,"column":71}},"2":{"start":{"line":3,"column":0},"end":{"line":3,"column":41}},"3":{"start":{"line":5,"column":0},"end":{"line":5,"column":32}},"4":{"start":{"line":6,"column":0},"end":{"line":6,"column":38}},"5":{"start":{"line":7,"column":0},"end":{"line":7,"column":48}},"6":{"start":{"line":9,"column":0},"end":{"line":9,"column":22}},"7":{"start":{"line":10,"column":0},"end":{"line":10,"column":43}},"8":{"start":{"line":17,"column":21},"end":{"line":17,"column":49}},"9":{"start":{"line":18,"column":19},"end":{"line":18,"column":32}},"10":{"start":{"line":19,"column":2},"end":{"line":19,"column":33}},"11":{"start":{"line":20,"column":16},"end":{"line":20,"column":66}},"12":{"start":{"line":20,"column":52},"end":{"line":20,"column":65}},"13":{"start":{"line":21,"column":30},"end":{"line":21,"column":44}},"14":{"start":{"line":23,"column":2},"end":{"line":59,"column":4}},"15":{"start":{"line":53,"column":66},"end":{"line":53,"column":106}},"16":{"start":{"line":16,"column":0},"end":{"line":16,"column":24}}},"fnMap":{"0":{"name":"CardDetail","decl":{"start":{"line":16,"column":24},"end":{"line":16,"column":34}},"loc":{"start":{"line":16,"column":34},"end":{"line":60,"column":1}}},"1":{"name":"(anonymous_2)","decl":{"start":{"line":20,"column":28},"end":{"line":20,"column":29}},"loc":{"start":{"line":20,"column":52},"end":{"line":20,"column":65}}},"2":{"name":"(anonymous_3)","decl":{"start":{"line":53,"column":46},"end":{"line":53,"column":47}},"loc":{"start":{"line":53,"column":66},"end":{"line":53,"column":106}}}},"branchMap":{"0":{"loc":{"start":{"line":25,"column":7},"end":{"line":25,"column":23}},"type":"binary-expr","locations":[{"start":{"line":25,"column":7},"end":{"line":25,"column":23}},{"start":{"line":25,"column":27},"end":{"line":25,"column":37}}]},"1":{"loc":{"start":{"line":30,"column":22},"end":{"line":30,"column":33}},"type":"binary-expr","locations":[{"start":{"line":30,"column":22},"end":{"line":30,"column":33}},{"start":{"line":30,"column":37},"end":{"line":30,"column":39}}]},"2":{"loc":{"start":{"line":30,"column":47},"end":{"line":30,"column":60}},"type":"binary-expr","locations":[{"start":{"line":30,"column":47},"end":{"line":30,"column":60}},{"start":{"line":30,"column":64},"end":{"line":30,"column":66}}]},"3":{"loc":{"start":{"line":30,"column":78},"end":{"line":30,"column":95}},"type":"binary-expr","locations":[{"start":{"line":30,"column":78},"end":{"line":30,"column":95}},{"start":{"line":30,"column":99},"end":{"line":30,"column":101}}]},"4":{"loc":{"start":{"line":53,"column":28},"end":{"line":53,"column":30}},"type":"cond-expr","locations":[{"start":{"line":53,"column":28},"end":{"line":53,"column":30}},{"start":{"line":53,"column":28},"end":{"line":53,"column":107}}]},"5":{"loc":{"start":{"line":53,"column":15},"end":{"line":53,"column":30}},"type":"binary-expr","locations":[{"start":{"line":53,"column":15},"end":{"line":53,"column":30}},{"start":{"line":53,"column":28},"end":{"line":53,"column":30}}]}},"s":{"0":1,"1":1,"2":1,"3":1,"4":1,"5":1,"6":1,"7":1,"8":0,"9":0,"10":0,"11":0,"12":0,"13":0,"14":0,"15":0,"16":1},"f":{"0":0,"1":0,"2":0},"b":{"0":[0,0],"1":[0,0],"2":[0,0],"3":[0,0],"4":[0,0],"5":[0,0]}}
,"D:\\Users\\Zver\\Desktop\\rss-react\\react_redux-magic\\src\\CardDetail\\utils.tsx": {"path":"D:\\Users\\Zver\\Desktop\\rss-react\\react_redux-magic\\src\\CardDetail\\utils.tsx","statementMap":{"0":{"start":{"line":1,"column":0},"end":{"line":1,"column":26}},"1":{"start":{"line":4,"column":2},"end":{"line":4,"column":29}},"2":{"start":{"line":4,"column":19},"end":{"line":4,"column":29}},"3":{"start":{"line":5,"column":18},"end":{"line":5,"column":65}},"4":{"start":{"line":5,"column":59},"end":{"line":5,"column":64}},"5":{"start":{"line":6,"column":17},"end":{"line":6,"column":19}},"6":{"start":{"line":7,"column":2},"end":{"line":33,"column":null}},"7":{"start":{"line":7,"column":15},"end":{"line":7,"column":16}},"8":{"start":{"line":8,"column":4},"end":{"line":32,"column":null}},"9":{"start":{"line":9,"column":6},"end":{"line":9,"column":99}},"10":{"start":{"line":12,"column":6},"end":{"line":30,"column":null}},"11":{"start":{"line":14,"column":10},"end":{"line":14,"column":29}},"12":{"start":{"line":15,"column":10},"end":{"line":15,"column":16}},"13":{"start":{"line":17,"column":10},"end":{"line":17,"column":29}},"14":{"start":{"line":18,"column":10},"end":{"line":18,"column":16}},"15":{"start":{"line":20,"column":10},"end":{"line":20,"column":27}},"16":{"start":{"line":21,"column":10},"end":{"line":21,"column":16}},"17":{"start":{"line":23,"column":10},"end":{"line":23,"column":28}},"18":{"start":{"line":24,"column":10},"end":{"line":24,"column":16}},"19":{"start":{"line":26,"column":10},"end":{"line":26,"column":29}},"20":{"start":{"line":27,"column":10},"end":{"line":27,"column":16}},"21":{"start":{"line":29,"column":10},"end":{"line":29,"column":20}},"22":{"start":{"line":31,"column":6},"end":{"line":31,"column":103}},"23":{"start":{"line":34,"column":2},"end":{"line":34,"column":16}},"24":{"start":{"line":3,"column":0},"end":{"line":3,"column":16}}},"fnMap":{"0":{"name":"manaCostCoverter","decl":{"start":{"line":3,"column":16},"end":{"line":3,"column":32}},"loc":{"start":{"line":3,"column":63},"end":{"line":35,"column":1}}},"1":{"name":"(anonymous_2)","decl":{"start":{"line":5,"column":50},"end":{"line":5,"column":51}},"loc":{"start":{"line":5,"column":59},"end":{"line":5,"column":64}}}},"branchMap":{"0":{"loc":{"start":{"line":4,"column":2},"end":{"line":4,"column":29}},"type":"if","locations":[{"start":{"line":4,"column":2},"end":{"line":4,"column":29}},{"start":{"line":4,"column":2},"end":{"line":4,"column":29}}]},"1":{"loc":{"start":{"line":8,"column":4},"end":{"line":32,"column":null}},"type":"if","locations":[{"start":{"line":8,"column":4},"end":{"line":32,"column":null}},{"start":{"line":8,"column":4},"end":{"line":32,"column":null}}]},"2":{"loc":{"start":{"line":13,"column":8},"end":{"line":15,"column":16}},"type":"switch","locations":[{"start":{"line":13,"column":8},"end":{"line":15,"column":16}},{"start":{"line":16,"column":8},"end":{"line":18,"column":16}},{"start":{"line":19,"column":8},"end":{"line":21,"column":16}},{"start":{"line":22,"column":8},"end":{"line":24,"column":16}},{"start":{"line":25,"column":8},"end":{"line":27,"column":16}},{"start":{"line":28,"column":8},"end":{"line":29,"column":20}}]}},"s":{"0":1,"1":0,"2":0,"3":0,"4":0,"5":0,"6":0,"7":0,"8":0,"9":0,"10":0,"11":0,"12":0,"13":0,"14":0,"15":0,"16":0,"17":0,"18":0,"19":0,"20":0,"21":0,"22":0,"23":0,"24":1},"f":{"0":0,"1":0},"b":{"0":[0,0],"1":[0,0],"2":[0,0,0,0,0,0]}}
,"D:\\Users\\Zver\\Desktop\\rss-react\\react_redux-magic\\src\\Cards\\Cards.tsx": {"path":"D:\\Users\\Zver\\Desktop\\rss-react\\react_redux-magic\\src\\Cards\\Cards.tsx","statementMap":{"0":{"start":{"line":1,"column":0},"end":{"line":1,"column":41}},"1":{"start":{"line":2,"column":0},"end":{"line":2,"column":71}},"2":{"start":{"line":5,"column":0},"end":{"line":5,"column":32}},"3":{"start":{"line":6,"column":0},"end":{"line":6,"column":38}},"4":{"start":{"line":7,"column":0},"end":{"line":7,"column":47}},"5":{"start":{"line":9,"column":0},"end":{"line":9,"column":22}},"6":{"start":{"line":12,"column":16},"end":{"line":12,"column":66}},"7":{"start":{"line":12,"column":52},"end":{"line":12,"column":65}},"8":{"start":{"line":13,"column":19},"end":{"line":13,"column":32}},"9":{"start":{"line":15,"column":2},"end":{"line":17,"column":9}},"10":{"start":{"line":16,"column":5},"end":{"line":16,"column":72}},"11":{"start":{"line":19,"column":2},"end":{"line":25,"column":4}},"12":{"start":{"line":22,"column":61},"end":{"line":22,"column":93}},"13":{"start":{"line":11,"column":0},"end":{"line":11,"column":24}}},"fnMap":{"0":{"name":"Cards","decl":{"start":{"line":11,"column":24},"end":{"line":11,"column":29}},"loc":{"start":{"line":11,"column":29},"end":{"line":26,"column":1}}},"1":{"name":"(anonymous_8)","decl":{"start":{"line":12,"column":28},"end":{"line":12,"column":29}},"loc":{"start":{"line":12,"column":52},"end":{"line":12,"column":65}}},"2":{"name":"(anonymous_9)","decl":{"start":{"line":15,"column":12},"end":{"line":15,"column":15}},"loc":{"start":{"line":15,"column":17},"end":{"line":17,"column":3}}},"3":{"name":"(anonymous_10)","decl":{"start":{"line":22,"column":44},"end":{"line":22,"column":45}},"loc":{"start":{"line":22,"column":61},"end":{"line":22,"column":93}}}},"branchMap":{"0":{"loc":{"start":{"line":21,"column":7},"end":{"line":21,"column":23}},"type":"binary-expr","locations":[{"start":{"line":21,"column":7},"end":{"line":21,"column":23}},{"start":{"line":21,"column":27},"end":{"line":21,"column":37}}]},"1":{"loc":{"start":{"line":22,"column":28},"end":{"line":22,"column":94}},"type":"cond-expr","locations":[{"start":{"line":22,"column":28},"end":{"line":22,"column":94}},{"start":{"line":22,"column":97},"end":{"line":22,"column":99}}]},"2":{"loc":{"start":{"line":23,"column":7},"end":{"line":23,"column":26}},"type":"binary-expr","locations":[{"start":{"line":23,"column":7},"end":{"line":23,"column":26}},{"start":{"line":23,"column":30},"end":{"line":23,"column":66}}]}},"s":{"0":1,"1":1,"2":1,"3":1,"4":1,"5":1,"6":12,"7":24,"8":12,"9":12,"10":3,"11":12,"12":0,"13":1},"f":{"0":12,"1":24,"2":3,"3":0},"b":{"0":[12,6],"1":[0,12],"2":[12,12]}}
,"D:\\Users\\Zver\\Desktop\\rss-react\\react_redux-magic\\src\\Field\\Field.tsx": {"path":"D:\\Users\\Zver\\Desktop\\rss-react\\react_redux-magic\\src\\Field\\Field.tsx","statementMap":{"0":{"start":{"line":1,"column":0},"end":{"line":1,"column":26}},"1":{"start":{"line":2,"column":0},"end":{"line":2,"column":35}},"2":{"start":{"line":3,"column":0},"end":{"line":3,"column":50}},"3":{"start":{"line":4,"column":0},"end":{"line":4,"column":22}},"4":{"start":{"line":7,"column":2},"end":{"line":13,"column":4}},"5":{"start":{"line":6,"column":0},"end":{"line":6,"column":24}}},"fnMap":{"0":{"name":"Field","decl":{"start":{"line":6,"column":24},"end":{"line":6,"column":29}},"loc":{"start":{"line":6,"column":29},"end":{"line":14,"column":1}}}},"branchMap":{},"s":{"0":1,"1":1,"2":1,"3":1,"4":3,"5":1},"f":{"0":3},"b":{}}
,"D:\\Users\\Zver\\Desktop\\rss-react\\react_redux-magic\\src\\Filters\\Filters.tsx": {"path":"D:\\Users\\Zver\\Desktop\\rss-react\\react_redux-magic\\src\\Filters\\Filters.tsx","statementMap":{"0":{"start":{"line":1,"column":0},"end":{"line":1,"column":26}},"1":{"start":{"line":2,"column":0},"end":{"line":2,"column":42}},"2":{"start":{"line":5,"column":0},"end":{"line":5,"column":29}},"3":{"start":{"line":6,"column":0},"end":{"line":6,"column":47}},"4":{"start":{"line":8,"column":0},"end":{"line":8,"column":22}},"5":{"start":{"line":11,"column":19},"end":{"line":11,"column":32}},"6":{"start":{"line":14,"column":18},"end":{"line":14,"column":32}},"7":{"start":{"line":15,"column":4},"end":{"line":23,"column":null}},"8":{"start":{"line":16,"column":6},"end":{"line":18,"column":9}},"9":{"start":{"line":20,"column":6},"end":{"line":22,"column":9}},"10":{"start":{"line":24,"column":5},"end":{"line":24,"column":72}},"11":{"start":{"line":28,"column":24},"end":{"line":28,"column":32}},"12":{"start":{"line":29,"column":4},"end":{"line":31,"column":7}},"13":{"start":{"line":32,"column":5},"end":{"line":32,"column":72}},"14":{"start":{"line":36,"column":17},"end":{"line":36,"column":45}},"15":{"start":{"line":37,"column":4},"end":{"line":45,"column":null}},"16":{"start":{"line":38,"column":6},"end":{"line":40,"column":null}},"17":{"start":{"line":39,"column":8},"end":{"line":39,"column":31}},"18":{"start":{"line":42,"column":6},"end":{"line":44,"column":9}},"19":{"start":{"line":46,"column":5},"end":{"line":46,"column":72}},"20":{"start":{"line":49,"column":2},"end":{"line":71,"column":4}},"21":{"start":{"line":53,"column":45},"end":{"line":53,"column":63}},"22":{"start":{"line":64,"column":63},"end":{"line":64,"column":76}},"23":{"start":{"line":68,"column":89},"end":{"line":68,"column":105}},"24":{"start":{"line":10,"column":0},"end":{"line":10,"column":24}}},"fnMap":{"0":{"name":"Filters","decl":{"start":{"line":10,"column":24},"end":{"line":10,"column":31}},"loc":{"start":{"line":10,"column":31},"end":{"line":72,"column":1}}},"1":{"name":"onSpecificColor","decl":{"start":{"line":13,"column":11},"end":{"line":13,"column":26}},"loc":{"start":{"line":13,"column":66},"end":{"line":25,"column":3}}},"2":{"name":"onRandomCards","decl":{"start":{"line":27,"column":11},"end":{"line":27,"column":24}},"loc":{"start":{"line":27,"column":63},"end":{"line":33,"column":3}}},"3":{"name":"onManaCost","decl":{"start":{"line":35,"column":11},"end":{"line":35,"column":21}},"loc":{"start":{"line":35,"column":60},"end":{"line":47,"column":3}}},"4":{"name":"(anonymous_5)","decl":{"start":{"line":53,"column":38},"end":{"line":53,"column":39}},"loc":{"start":{"line":53,"column":45},"end":{"line":53,"column":63}}},"5":{"name":"(anonymous_6)","decl":{"start":{"line":64,"column":56},"end":{"line":64,"column":57}},"loc":{"start":{"line":64,"column":63},"end":{"line":64,"column":76}}},"6":{"name":"(anonymous_7)","decl":{"start":{"line":68,"column":82},"end":{"line":68,"column":83}},"loc":{"start":{"line":68,"column":89},"end":{"line":68,"column":105}}}},"branchMap":{"0":{"loc":{"start":{"line":15,"column":4},"end":{"line":23,"column":null}},"type":"if","locations":[{"start":{"line":15,"column":4},"end":{"line":23,"column":null}},{"start":{"line":15,"column":4},"end":{"line":23,"column":null}}]},"1":{"loc":{"start":{"line":37,"column":4},"end":{"line":45,"column":null}},"type":"if","locations":[{"start":{"line":37,"column":4},"end":{"line":45,"column":null}},{"start":{"line":37,"column":4},"end":{"line":45,"column":null}}]},"2":{"loc":{"start":{"line":37,"column":8},"end":{"line":37,"column":13}},"type":"binary-expr","locations":[{"start":{"line":37,"column":8},"end":{"line":37,"column":13}},{"start":{"line":37,"column":17},"end":{"line":37,"column":25}}]},"3":{"loc":{"start":{"line":38,"column":6},"end":{"line":40,"column":null}},"type":"if","locations":[{"start":{"line":38,"column":6},"end":{"line":40,"column":null}},{"start":{"line":38,"column":6},"end":{"line":40,"column":null}}]}},"s":{"0":1,"1":1,"2":1,"3":1,"4":1,"5":3,"6":0,"7":0,"8":0,"9":0,"10":0,"11":0,"12":0,"13":0,"14":0,"15":0,"16":0,"17":0,"18":0,"19":0,"20":3,"21":0,"22":0,"23":0,"24":1},"f":{"0":3,"1":0,"2":0,"3":0,"4":0,"5":0,"6":0},"b":{"0":[0,0],"1":[0,0],"2":[0,0],"3":[0,0]}}
,"D:\\Users\\Zver\\Desktop\\rss-react\\react_redux-magic\\src\\Header\\Header.tsx": {"path":"D:\\Users\\Zver\\Desktop\\rss-react\\react_redux-magic\\src\\Header\\Header.tsx","statementMap":{"0":{"start":{"line":1,"column":0},"end":{"line":1,"column":26}},"1":{"start":{"line":2,"column":0},"end":{"line":2,"column":43}},"2":{"start":{"line":3,"column":0},"end":{"line":3,"column":22}},"3":{"start":{"line":6,"column":2},"end":{"line":17,"column":4}},"4":{"start":{"line":5,"column":0},"end":{"line":5,"column":24}}},"fnMap":{"0":{"name":"Header","decl":{"start":{"line":5,"column":24},"end":{"line":5,"column":30}},"loc":{"start":{"line":5,"column":30},"end":{"line":18,"column":1}}}},"branchMap":{},"s":{"0":1,"1":1,"2":1,"3":2,"4":1},"f":{"0":2},"b":{}}
,"D:\\Users\\Zver\\Desktop\\rss-react\\react_redux-magic\\src\\Home\\Home.tsx": {"path":"D:\\Users\\Zver\\Desktop\\rss-react\\react_redux-magic\\src\\Home\\Home.tsx","statementMap":{"0":{"start":{"line":1,"column":0},"end":{"line":1,"column":26}},"1":{"start":{"line":2,"column":0},"end":{"line":2,"column":35}},"2":{"start":{"line":3,"column":0},"end":{"line":3,"column":38}},"3":{"start":{"line":4,"column":0},"end":{"line":4,"column":22}},"4":{"start":{"line":7,"column":2},"end":{"line":12,"column":4}},"5":{"start":{"line":6,"column":0},"end":{"line":6,"column":24}}},"fnMap":{"0":{"name":"Home","decl":{"start":{"line":6,"column":24},"end":{"line":6,"column":28}},"loc":{"start":{"line":6,"column":28},"end":{"line":13,"column":1}}}},"branchMap":{},"s":{"0":1,"1":1,"2":1,"3":1,"4":3,"5":1},"f":{"0":3},"b":{}}
,"D:\\Users\\Zver\\Desktop\\rss-react\\react_redux-magic\\src\\Loader\\Loader.tsx": {"path":"D:\\Users\\Zver\\Desktop\\rss-react\\react_redux-magic\\src\\Loader\\Loader.tsx","statementMap":{"0":{"start":{"line":1,"column":0},"end":{"line":1,"column":26}},"1":{"start":{"line":2,"column":0},"end":{"line":2,"column":22}},"2":{"start":{"line":5,"column":2},"end":{"line":9,"column":4}},"3":{"start":{"line":4,"column":0},"end":{"line":4,"column":24}}},"fnMap":{"0":{"name":"Loader","decl":{"start":{"line":4,"column":24},"end":{"line":4,"column":30}},"loc":{"start":{"line":4,"column":30},"end":{"line":10,"column":1}}}},"branchMap":{},"s":{"0":2,"1":2,"2":7,"3":2},"f":{"0":7},"b":{}}
,"D:\\Users\\Zver\\Desktop\\rss-react\\react_redux-magic\\src\\NotFoundPage\\NotFoundPage.tsx": {"path":"D:\\Users\\Zver\\Desktop\\rss-react\\react_redux-magic\\src\\NotFoundPage\\NotFoundPage.tsx","statementMap":{"0":{"start":{"line":1,"column":0},"end":{"line":1,"column":26}},"1":{"start":{"line":2,"column":0},"end":{"line":2,"column":43}},"2":{"start":{"line":3,"column":0},"end":{"line":3,"column":22}},"3":{"start":{"line":6,"column":2},"end":{"line":11,"column":4}},"4":{"start":{"line":5,"column":0},"end":{"line":5,"column":24}}},"fnMap":{"0":{"name":"NotFoundPage","decl":{"start":{"line":5,"column":24},"end":{"line":5,"column":36}},"loc":{"start":{"line":5,"column":36},"end":{"line":12,"column":1}}}},"branchMap":{},"s":{"0":1,"1":1,"2":1,"3":0,"4":1},"f":{"0":0},"b":{}}
,"D:\\Users\\Zver\\Desktop\\rss-react\\react_redux-magic\\src\\Pagination\\Pagination.tsx": {"path":"D:\\Users\\Zver\\Desktop\\rss-react\\react_redux-magic\\src\\Pagination\\Pagination.tsx","statementMap":{"0":{"start":{"line":1,"column":0},"end":{"line":1,"column":40}},"1":{"start":{"line":2,"column":0},"end":{"line":2,"column":42}},"2":{"start":{"line":5,"column":0},"end":{"line":5,"column":29}},"3":{"start":{"line":6,"column":0},"end":{"line":6,"column":47}},"4":{"start":{"line":8,"column":0},"end":{"line":8,"column":22}},"5":{"start":{"line":15,"column":26},"end":{"line":15,"column":37}},"6":{"start":{"line":16,"column":19},"end":{"line":16,"column":32}},"7":{"start":{"line":19,"column":4},"end":{"line":19,"column":23}},"8":{"start":{"line":20,"column":24},"end":{"line":20,"column":32}},"9":{"start":{"line":21,"column":4},"end":{"line":21,"column":32}},"10":{"start":{"line":21,"column":25},"end":{"line":21,"column":32}},"11":{"start":{"line":22,"column":4},"end":{"line":24,"column":7}},"12":{"start":{"line":25,"column":4},"end":{"line":25,"column":25}},"13":{"start":{"line":26,"column":5},"end":{"line":26,"column":72}},"14":{"start":{"line":30,"column":18},"end":{"line":30,"column":46}},"15":{"start":{"line":31,"column":4},"end":{"line":31,"column":52}},"16":{"start":{"line":31,"column":45},"end":{"line":31,"column":52}},"17":{"start":{"line":32,"column":4},"end":{"line":34,"column":7}},"18":{"start":{"line":35,"column":5},"end":{"line":35,"column":72}},"19":{"start":{"line":38,"column":2},"end":{"line":61,"column":4}},"20":{"start":{"line":46,"column":14},"end":{"line":46,"column":33}},"21":{"start":{"line":47,"column":14},"end":{"line":47,"column":35}},"22":{"start":{"line":56,"column":64},"end":{"line":56,"column":79}},"23":{"start":{"line":58,"column":64},"end":{"line":58,"column":78}},"24":{"start":{"line":14,"column":0},"end":{"line":14,"column":24}}},"fnMap":{"0":{"name":"Pagination","decl":{"start":{"line":14,"column":24},"end":{"line":14,"column":34}},"loc":{"start":{"line":14,"column":59},"end":{"line":62,"column":1}}},"1":{"name":"flipPage","decl":{"start":{"line":18,"column":11},"end":{"line":18,"column":19}},"loc":{"start":{"line":18,"column":69},"end":{"line":27,"column":3}}},"2":{"name":"changeCardsOnPage","decl":{"start":{"line":29,"column":11},"end":{"line":29,"column":28}},"loc":{"start":{"line":29,"column":67},"end":{"line":36,"column":3}}},"3":{"name":"(anonymous_9)","decl":{"start":{"line":45,"column":12},"end":{"line":45,"column":13}},"loc":{"start":{"line":45,"column":18},"end":{"line":48,"column":13}}},"4":{"name":"(anonymous_10)","decl":{"start":{"line":56,"column":57},"end":{"line":56,"column":58}},"loc":{"start":{"line":56,"column":64},"end":{"line":56,"column":79}}},"5":{"name":"(anonymous_11)","decl":{"start":{"line":58,"column":57},"end":{"line":58,"column":58}},"loc":{"start":{"line":58,"column":64},"end":{"line":58,"column":78}}}},"branchMap":{"0":{"loc":{"start":{"line":21,"column":4},"end":{"line":21,"column":32}},"type":"if","locations":[{"start":{"line":21,"column":4},"end":{"line":21,"column":32}},{"start":{"line":21,"column":4},"end":{"line":21,"column":32}}]},"1":{"loc":{"start":{"line":31,"column":4},"end":{"line":31,"column":52}},"type":"if","locations":[{"start":{"line":31,"column":4},"end":{"line":31,"column":52}},{"start":{"line":31,"column":4},"end":{"line":31,"column":52}}]},"2":{"loc":{"start":{"line":31,"column":8},"end":{"line":31,"column":14}},"type":"binary-expr","locations":[{"start":{"line":31,"column":8},"end":{"line":31,"column":14}},{"start":{"line":31,"column":18},"end":{"line":31,"column":28}},{"start":{"line":31,"column":32},"end":{"line":31,"column":43}}]}},"s":{"0":1,"1":1,"2":1,"3":1,"4":1,"5":3,"6":3,"7":0,"8":0,"9":0,"10":0,"11":0,"12":0,"13":0,"14":0,"15":0,"16":0,"17":0,"18":0,"19":3,"20":0,"21":0,"22":0,"23":0,"24":1},"f":{"0":3,"1":0,"2":0,"3":0,"4":0,"5":0},"b":{"0":[0,0],"1":[0,0],"2":[0,0,0]}}
,"D:\\Users\\Zver\\Desktop\\rss-react\\react_redux-magic\\src\\Search\\Search.tsx": {"path":"D:\\Users\\Zver\\Desktop\\rss-react\\react_redux-magic\\src\\Search\\Search.tsx","statementMap":{"0":{"start":{"line":1,"column":0},"end":{"line":1,"column":40}},"1":{"start":{"line":2,"column":0},"end":{"line":2,"column":42}},"2":{"start":{"line":5,"column":0},"end":{"line":5,"column":29}},"3":{"start":{"line":6,"column":0},"end":{"line":6,"column":41}},"4":{"start":{"line":7,"column":0},"end":{"line":7,"column":47}},"5":{"start":{"line":9,"column":0},"end":{"line":9,"column":22}},"6":{"start":{"line":12,"column":19},"end":{"line":12,"column":32}},"7":{"start":{"line":13,"column":26},"end":{"line":13,"column":38}},"8":{"start":{"line":15,"column":2},"end":{"line":34,"column":4}},"9":{"start":{"line":20,"column":89},"end":{"line":20,"column":112}},"10":{"start":{"line":23,"column":10},"end":{"line":23,"column":29}},"11":{"start":{"line":24,"column":10},"end":{"line":28,"column":63}},"12":{"start":{"line":25,"column":12},"end":{"line":27,"column":15}},"13":{"start":{"line":28,"column":17},"end":{"line":28,"column":63}},"14":{"start":{"line":28,"column":39},"end":{"line":28,"column":63}},"15":{"start":{"line":29,"column":11},"end":{"line":29,"column":78}},"16":{"start":{"line":11,"column":0},"end":{"line":11,"column":24}}},"fnMap":{"0":{"name":"Search","decl":{"start":{"line":11,"column":24},"end":{"line":11,"column":30}},"loc":{"start":{"line":11,"column":30},"end":{"line":35,"column":1}}},"1":{"name":"(anonymous_8)","decl":{"start":{"line":20,"column":82},"end":{"line":20,"column":83}},"loc":{"start":{"line":20,"column":89},"end":{"line":20,"column":112}}},"2":{"name":"(anonymous_9)","decl":{"start":{"line":22,"column":49},"end":{"line":22,"column":50}},"loc":{"start":{"line":22,"column":55},"end":{"line":30,"column":9}}}},"branchMap":{"0":{"loc":{"start":{"line":24,"column":10},"end":{"line":28,"column":63}},"type":"if","locations":[{"start":{"line":24,"column":10},"end":{"line":28,"column":63}},{"start":{"line":24,"column":10},"end":{"line":28,"column":63}}]},"1":{"loc":{"start":{"line":28,"column":17},"end":{"line":28,"column":63}},"type":"if","locations":[{"start":{"line":28,"column":17},"end":{"line":28,"column":63}},{"start":{"line":28,"column":17},"end":{"line":28,"column":63}}]}},"s":{"0":1,"1":1,"2":1,"3":1,"4":1,"5":1,"6":3,"7":3,"8":3,"9":0,"10":0,"11":0,"12":0,"13":0,"14":0,"15":0,"16":1},"f":{"0":3,"1":0,"2":0},"b":{"0":[0,0],"1":[0,0]}}
,"D:\\Users\\Zver\\Desktop\\rss-react\\react_redux-magic\\src\\state\\DevTool.tsx": {"path":"D:\\Users\\Zver\\Desktop\\rss-react\\react_redux-magic\\src\\state\\DevTool.tsx","statementMap":{"0":{"start":{"line":1,"column":0},"end":{"line":1,"column":26}},"1":{"start":{"line":2,"column":0},"end":{"line":2,"column":54}},"2":{"start":{"line":3,"column":0},"end":{"line":3,"column":53}},"3":{"start":{"line":4,"column":0},"end":{"line":4,"column":55}},"4":{"start":{"line":6,"column":17},"end":{"line":13,"column":null}},"5":{"start":{"line":16,"column":0},"end":{"line":16,"column":24}}},"fnMap":{},"branchMap":{},"s":{"0":1,"1":1,"2":1,"3":1,"4":1,"5":1},"f":{},"b":{}}
,"D:\\Users\\Zver\\Desktop\\rss-react\\react_redux-magic\\src\\state\\actions.tsx": {"path":"D:\\Users\\Zver\\Desktop\\rss-react\\react_redux-magic\\src\\state\\actions.tsx","statementMap":{"0":{"start":{"line":1,"column":0},"end":{"line":1,"column":null}},"1":{"start":{"line":6,"column":2},"end":{"line":8,"column":4}},"2":{"start":{"line":5,"column":0},"end":{"line":5,"column":16}},"3":{"start":{"line":12,"column":2},"end":{"line":14,"column":4}},"4":{"start":{"line":11,"column":0},"end":{"line":11,"column":16}},"5":{"start":{"line":18,"column":2},"end":{"line":20,"column":4}},"6":{"start":{"line":17,"column":0},"end":{"line":17,"column":16}},"7":{"start":{"line":24,"column":2},"end":{"line":26,"column":4}},"8":{"start":{"line":23,"column":0},"end":{"line":23,"column":16}},"9":{"start":{"line":30,"column":2},"end":{"line":33,"column":4}},"10":{"start":{"line":29,"column":0},"end":{"line":29,"column":16}}},"fnMap":{"0":{"name":"UpdateCard","decl":{"start":{"line":5,"column":16},"end":{"line":5,"column":26}},"loc":{"start":{"line":5,"column":26},"end":{"line":9,"column":1}}},"1":{"name":"StartDownload","decl":{"start":{"line":11,"column":16},"end":{"line":11,"column":29}},"loc":{"start":{"line":11,"column":29},"end":{"line":15,"column":1}}},"2":{"name":"SuccesDownload","decl":{"start":{"line":17,"column":16},"end":{"line":17,"column":30}},"loc":{"start":{"line":17,"column":30},"end":{"line":21,"column":1}}},"3":{"name":"FailDownload","decl":{"start":{"line":23,"column":16},"end":{"line":23,"column":28}},"loc":{"start":{"line":23,"column":28},"end":{"line":27,"column":1}}},"4":{"name":"GetCardWitID","decl":{"start":{"line":29,"column":16},"end":{"line":29,"column":28}},"loc":{"start":{"line":29,"column":39},"end":{"line":34,"column":1}}}},"branchMap":{},"s":{"0":1,"1":3,"2":1,"3":3,"4":1,"5":3,"6":1,"7":0,"8":1,"9":0,"10":1},"f":{"0":3,"1":3,"2":3,"3":0,"4":0},"b":{}}
,"D:\\Users\\Zver\\Desktop\\rss-react\\react_redux-magic\\src\\state\\configureStore.dev.ts": {"path":"D:\\Users\\Zver\\Desktop\\rss-react\\react_redux-magic\\src\\state\\configureStore.dev.ts","statementMap":{"0":{"start":{"line":1,"column":0},"end":{"line":1,"column":52}},"1":{"start":{"line":2,"column":0},"end":{"line":2,"column":33}},"2":{"start":{"line":3,"column":0},"end":{"line":3,"column":42}},"3":{"start":{"line":4,"column":0},"end":{"line":4,"column":37}},"4":{"start":{"line":6,"column":17},"end":{"line":8,"column":null}},"5":{"start":{"line":12,"column":16},"end":{"line":12,"column":46}},"6":{"start":{"line":14,"column":2},"end":{"line":14,"column":15}},"7":{"start":{"line":11,"column":0},"end":{"line":11,"column":24}}},"fnMap":{"0":{"name":"configureStoreDev","decl":{"start":{"line":11,"column":24},"end":{"line":11,"column":41}},"loc":{"start":{"line":11,"column":41},"end":{"line":15,"column":1}}}},"branchMap":{},"s":{"0":1,"1":1,"2":1,"3":1,"4":1,"5":2,"6":2,"7":1},"f":{"0":2},"b":{}}
,"D:\\Users\\Zver\\Desktop\\rss-react\\react_redux-magic\\src\\state\\middleware.tsx": {"path":"D:\\Users\\Zver\\Desktop\\rss-react\\react_redux-magic\\src\\state\\middleware.tsx","statementMap":{"0":{"start":{"line":1,"column":0},"end":{"line":1,"column":51}},"1":{"start":{"line":2,"column":0},"end":{"line":2,"column":51}},"2":{"start":{"line":3,"column":0},"end":{"line":3,"column":29}},"3":{"start":{"line":5,"column":0},"end":{"line":5,"column":70}},"4":{"start":{"line":8,"column":2},"end":{"line":13,"column":4}},"5":{"start":{"line":8,"column":83},"end":{"line":13,"column":4}},"6":{"start":{"line":9,"column":4},"end":{"line":9,"column":30}},"7":{"start":{"line":10,"column":4},"end":{"line":10,"column":25}},"8":{"start":{"line":11,"column":4},"end":{"line":11,"column":27}},"9":{"start":{"line":12,"column":4},"end":{"line":12,"column":31}},"10":{"start":{"line":7,"column":0},"end":{"line":7,"column":16}},"11":{"start":{"line":16,"column":13},"end":{"line":16,"column":49}}},"fnMap":{"0":{"name":"getCards","decl":{"start":{"line":7,"column":16},"end":{"line":7,"column":24}},"loc":{"start":{"line":7,"column":24},"end":{"line":14,"column":1}}},"1":{"name":"(anonymous_9)","decl":{"start":{"line":8,"column":9},"end":{"line":8,"column":16}},"loc":{"start":{"line":8,"column":83},"end":{"line":13,"column":4}}},"2":{"name":"(anonymous_10)","decl":{"start":{"line":8,"column":83},"end":{"line":8,"column":null}},"loc":{"start":{"line":8,"column":83},"end":{"line":13,"column":3}}}},"branchMap":{},"s":{"0":1,"1":1,"2":1,"3":1,"4":3,"5":3,"6":3,"7":3,"8":3,"9":3,"10":1,"11":1},"f":{"0":3,"1":3,"2":3},"b":{}}
,"D:\\Users\\Zver\\Desktop\\rss-react\\react_redux-magic\\src\\state\\reducers.tsx": {"path":"D:\\Users\\Zver\\Desktop\\rss-react\\react_redux-magic\\src\\state\\reducers.tsx","statementMap":{"0":{"start":{"line":1,"column":0},"end":{"line":1,"column":40}},"1":{"start":{"line":2,"column":0},"end":{"line":2,"column":29}},"2":{"start":{"line":3,"column":0},"end":{"line":3,"column":51}},"3":{"start":{"line":5,"column":30},"end":{"line":8,"column":2}},"4":{"start":{"line":11,"column":2},"end":{"line":24,"column":null}},"5":{"start":{"line":13,"column":6},"end":{"line":13,"column":44}},"6":{"start":{"line":15,"column":6},"end":{"line":15,"column":44}},"7":{"start":{"line":17,"column":6},"end":{"line":17,"column":45}},"8":{"start":{"line":19,"column":6},"end":{"line":19,"column":45}},"9":{"start":{"line":21,"column":6},"end":{"line":21,"column":91}},"10":{"start":{"line":21,"column":61},"end":{"line":21,"column":87}},"11":{"start":{"line":23,"column":6},"end":{"line":23,"column":19}},"12":{"start":{"line":27,"column":13},"end":{"line":27,"column":69}}},"fnMap":{"0":{"name":"CardsReducer","decl":{"start":{"line":10,"column":9},"end":{"line":10,"column":21}},"loc":{"start":{"line":10,"column":67},"end":{"line":25,"column":1}}},"1":{"name":"(anonymous_1)","decl":{"start":{"line":21,"column":51},"end":{"line":21,"column":52}},"loc":{"start":{"line":21,"column":61},"end":{"line":21,"column":87}}}},"branchMap":{"0":{"loc":{"start":{"line":10,"column":38},"end":{"line":10,"column":51}},"type":"default-arg","locations":[{"start":{"line":10,"column":38},"end":{"line":10,"column":51}}]},"1":{"loc":{"start":{"line":12,"column":4},"end":{"line":13,"column":44}},"type":"switch","locations":[{"start":{"line":12,"column":4},"end":{"line":13,"column":44}},{"start":{"line":14,"column":4},"end":{"line":15,"column":44}},{"start":{"line":16,"column":4},"end":{"line":17,"column":45}},{"start":{"line":18,"column":4},"end":{"line":19,"column":45}},{"start":{"line":20,"column":4},"end":{"line":21,"column":91}},{"start":{"line":22,"column":4},"end":{"line":23,"column":19}}]}},"s":{"0":1,"1":1,"2":1,"3":1,"4":13,"5":3,"6":3,"7":3,"8":0,"9":0,"10":0,"11":4,"12":1},"f":{"0":13,"1":0},"b":{"0":[4],"1":[3,3,3,0,0,4]}}
,"D:\\Users\\Zver\\Desktop\\rss-react\\react_redux-magic\\src\\tests\\utils.tsx": {"path":"D:\\Users\\Zver\\Desktop\\rss-react\\react_redux-magic\\src\\tests\\utils.tsx","statementMap":{"0":{"start":{"line":1,"column":0},"end":{"line":1,"column":48}},"1":{"start":{"line":2,"column":0},"end":{"line":2,"column":26}},"2":{"start":{"line":3,"column":0},"end":{"line":3,"column":39}},"3":{"start":{"line":4,"column":0},"end":{"line":4,"column":60}},"4":{"start":{"line":6,"column":31},"end":{"line":13,"column":1}},"5":{"start":{"line":7,"column":16},"end":{"line":7,"column":35}},"6":{"start":{"line":8,"column":2},"end":{"line":12,"column":5}},"7":{"start":{"line":6,"column":13},"end":{"line":6,"column":31}}},"fnMap":{"0":{"name":"(anonymous_1)","decl":{"start":{"line":6,"column":31},"end":{"line":6,"column":32}},"loc":{"start":{"line":6,"column":58},"end":{"line":13,"column":1}}}},"branchMap":{},"s":{"0":1,"1":1,"2":1,"3":1,"4":1,"5":2,"6":2,"7":1},"f":{"0":2},"b":{}}
}
