TN:
SF:src\Api.ts
FN:12,(anonymous_7)
FN:22,(anonymous_8)
FN:26,(anonymous_9)
FN:41,(anonymous_11)
FN:44,(anonymous_12)
FNF:5
FNH:4
FNDA:1,(anonymous_7)
FNDA:0,(anonymous_8)
FNDA:3,(anonymous_9)
FNDA:3,(anonymous_11)
FNDA:9,(anonymous_12)
DA:5,1
DA:13,1
DA:18,1
DA:19,1
DA:23,0
DA:27,3
DA:28,3
DA:29,3
DA:30,0
DA:31,0
DA:32,0
DA:33,0
DA:34,0
DA:37,3
DA:42,3
DA:43,3
DA:44,3
DA:45,9
DA:46,9
DA:47,9
DA:49,3
DA:53,1
LF:22
LH:16
BRDA:30,0,0,0
BRDA:30,0,1,0
BRDA:33,1,0,0
BRDA:33,1,1,0
BRDA:47,2,0,6
BRDA:47,2,1,3
BRF:6
BRH:2
end_of_record
TN:
SF:src\types.ts
FN:12,(anonymous_0)
FNF:1
FNH:1
FNDA:1,(anonymous_0)
DA:12,1
DA:13,1
DA:14,1
DA:15,1
DA:16,1
DA:17,1
LF:6
LH:6
BRDA:12,0,0,1
BRDA:12,0,1,1
BRF:2
BRH:2
end_of_record
TN:
SF:src\About\About.tsx
FN:5,About
FNF:1
FNH:1
FNDA:1,About
DA:1,1
DA:2,1
DA:3,1
DA:5,1
DA:6,1
LF:5
LH:5
BRF:0
BRH:0
end_of_record
TN:
SF:src\App\App.tsx
FN:11,App
FNF:1
FNH:1
FNDA:2,App
DA:1,1
DA:2,1
DA:3,1
DA:4,1
DA:5,1
DA:6,1
DA:7,1
DA:9,1
DA:11,1
DA:12,2
LF:10
LH:10
BRF:0
BRH:0
end_of_record
TN:
SF:src\Card\Card.tsx
FN:6,Card
FNF:1
FNH:0
FNDA:0,Card
DA:1,1
DA:2,1
DA:4,1
DA:6,1
DA:7,0
LF:5
LH:4
BRF:0
BRH:0
end_of_record
TN:
SF:src\CardDetail\CardDetail.tsx
FN:16,CardDetail
FN:20,(anonymous_2)
FN:53,(anonymous_3)
FNF:3
FNH:0
FNDA:0,CardDetail
FNDA:0,(anonymous_2)
FNDA:0,(anonymous_3)
DA:1,1
DA:2,1
DA:3,1
DA:5,1
DA:6,1
DA:7,1
DA:9,1
DA:10,1
DA:16,1
DA:17,0
DA:18,0
DA:19,0
DA:20,0
DA:21,0
DA:23,0
DA:53,0
LF:16
LH:9
BRDA:25,0,0,0
BRDA:25,0,1,0
BRDA:30,1,0,0
BRDA:30,1,1,0
BRDA:30,2,0,0
BRDA:30,2,1,0
BRDA:30,3,0,0
BRDA:30,3,1,0
BRDA:53,4,0,0
BRDA:53,4,1,0
BRDA:53,5,0,0
BRDA:53,5,1,0
BRF:12
BRH:0
end_of_record
TN:
SF:src\CardDetail\utils.tsx
FN:3,manaCostCoverter
FN:5,(anonymous_2)
FNF:2
FNH:0
FNDA:0,manaCostCoverter
FNDA:0,(anonymous_2)
DA:1,1
DA:3,1
DA:4,0
DA:5,0
DA:6,0
DA:7,0
DA:8,0
DA:9,0
DA:12,0
DA:14,0
DA:15,0
DA:17,0
DA:18,0
DA:20,0
DA:21,0
DA:23,0
DA:24,0
DA:26,0
DA:27,0
DA:29,0
DA:31,0
DA:34,0
LF:22
LH:2
BRDA:4,0,0,0
BRDA:4,0,1,0
BRDA:8,1,0,0
BRDA:8,1,1,0
BRDA:13,2,0,0
BRDA:13,2,1,0
BRDA:13,2,2,0
BRDA:13,2,3,0
BRDA:13,2,4,0
BRDA:13,2,5,0
BRF:10
BRH:0
end_of_record
TN:
SF:src\Cards\Cards.tsx
FN:11,Cards
FN:12,(anonymous_8)
FN:15,(anonymous_9)
FN:22,(anonymous_10)
FNF:4
FNH:3
FNDA:12,Cards
FNDA:24,(anonymous_8)
FNDA:3,(anonymous_9)
FNDA:0,(anonymous_10)
DA:1,1
DA:2,1
DA:5,1
DA:6,1
DA:7,1
DA:9,1
DA:11,1
DA:12,24
DA:13,12
DA:15,12
DA:16,3
DA:19,12
DA:22,0
LF:13
LH:12
BRDA:21,0,0,12
BRDA:21,0,1,6
BRDA:22,1,0,0
BRDA:22,1,1,12
BRDA:23,2,0,12
BRDA:23,2,1,12
BRF:6
BRH:5
end_of_record
TN:
SF:src\Field\Field.tsx
FN:6,Field
FNF:1
FNH:1
FNDA:3,Field
DA:1,1
DA:2,1
DA:3,1
DA:4,1
DA:6,1
DA:7,3
LF:6
LH:6
BRF:0
BRH:0
end_of_record
TN:
SF:src\Filters\Filters.tsx
FN:10,Filters
FN:13,onSpecificColor
FN:27,onRandomCards
FN:35,onManaCost
FN:53,(anonymous_5)
FN:64,(anonymous_6)
FN:68,(anonymous_7)
FNF:7
FNH:1
FNDA:3,Filters
FNDA:0,onSpecificColor
FNDA:0,onRandomCards
FNDA:0,onManaCost
FNDA:0,(anonymous_5)
FNDA:0,(anonymous_6)
FNDA:0,(anonymous_7)
DA:1,1
DA:2,1
DA:5,1
DA:6,1
DA:8,1
DA:10,1
DA:11,3
DA:14,0
DA:15,0
DA:16,0
DA:20,0
DA:24,0
DA:28,0
DA:29,0
DA:32,0
DA:36,0
DA:37,0
DA:38,0
DA:39,0
DA:42,0
DA:46,0
DA:49,3
DA:53,0
DA:64,0
DA:68,0
LF:25
LH:8
BRDA:15,0,0,0
BRDA:15,0,1,0
BRDA:37,1,0,0
BRDA:37,1,1,0
BRDA:37,2,0,0
BRDA:37,2,1,0
BRDA:38,3,0,0
BRDA:38,3,1,0
BRF:8
BRH:0
end_of_record
TN:
SF:src\Header\Header.tsx
FN:5,Header
FNF:1
FNH:1
FNDA:2,Header
DA:1,1
DA:2,1
DA:3,1
DA:5,1
DA:6,2
LF:5
LH:5
BRF:0
BRH:0
end_of_record
TN:
SF:src\Home\Home.tsx
FN:6,Home
FNF:1
FNH:1
FNDA:3,Home
DA:1,1
DA:2,1
DA:3,1
DA:4,1
DA:6,1
DA:7,3
LF:6
LH:6
BRF:0
BRH:0
end_of_record
TN:
SF:src\Loader\Loader.tsx
FN:4,Loader
FNF:1
FNH:1
FNDA:7,Loader
DA:1,2
DA:2,2
DA:4,2
DA:5,7
LF:4
LH:4
BRF:0
BRH:0
end_of_record
TN:
SF:src\NotFoundPage\NotFoundPage.tsx
FN:5,NotFoundPage
FNF:1
FNH:0
FNDA:0,NotFoundPage
DA:1,1
DA:2,1
DA:3,1
DA:5,1
DA:6,0
LF:5
LH:4
BRF:0
BRH:0
end_of_record
TN:
SF:src\Pagination\Pagination.tsx
FN:14,Pagination
FN:18,flipPage
FN:29,changeCardsOnPage
FN:45,(anonymous_9)
FN:56,(anonymous_10)
FN:58,(anonymous_11)
FNF:6
FNH:1
FNDA:3,Pagination
FNDA:0,flipPage
FNDA:0,changeCardsOnPage
FNDA:0,(anonymous_9)
FNDA:0,(anonymous_10)
FNDA:0,(anonymous_11)
DA:1,1
DA:2,1
DA:5,1
DA:6,1
DA:8,1
DA:14,1
DA:15,3
DA:16,3
DA:19,0
DA:20,0
DA:21,0
DA:22,0
DA:25,0
DA:26,0
DA:30,0
DA:31,0
DA:32,0
DA:35,0
DA:38,3
DA:46,0
DA:47,0
DA:56,0
DA:58,0
LF:23
LH:9
BRDA:21,0,0,0
BRDA:21,0,1,0
BRDA:31,1,0,0
BRDA:31,1,1,0
BRDA:31,2,0,0
BRDA:31,2,1,0
BRDA:31,2,2,0
BRF:7
BRH:0
end_of_record
TN:
SF:src\Search\Search.tsx
FN:11,Search
FN:20,(anonymous_8)
FN:22,(anonymous_9)
FNF:3
FNH:1
FNDA:3,Search
FNDA:0,(anonymous_8)
FNDA:0,(anonymous_9)
DA:1,1
DA:2,1
DA:5,1
DA:6,1
DA:7,1
DA:9,1
DA:11,1
DA:12,3
DA:13,3
DA:15,3
DA:20,0
DA:23,0
DA:24,0
DA:25,0
DA:28,0
DA:29,0
LF:16
LH:10
BRDA:24,0,0,0
BRDA:24,0,1,0
BRDA:28,1,0,0
BRDA:28,1,1,0
BRF:4
BRH:0
end_of_record
TN:
SF:src\state\DevTool.tsx
FNF:0
FNH:0
DA:1,1
DA:2,1
DA:3,1
DA:4,1
DA:6,1
DA:16,1
LF:6
LH:6
BRF:0
BRH:0
end_of_record
TN:
SF:src\state\actions.tsx
FN:5,UpdateCard
FN:11,StartDownload
FN:17,SuccesDownload
FN:23,FailDownload
FN:29,GetCardWitID
FNF:5
FNH:3
FNDA:3,UpdateCard
FNDA:3,StartDownload
FNDA:3,SuccesDownload
FNDA:0,FailDownload
FNDA:0,GetCardWitID
DA:1,1
DA:5,1
DA:6,3
DA:11,1
DA:12,3
DA:17,1
DA:18,3
DA:23,1
DA:24,0
DA:29,1
DA:30,0
LF:11
LH:9
BRF:0
BRH:0
end_of_record
TN:
SF:src\state\configureStore.dev.ts
FN:11,configureStoreDev
FNF:1
FNH:1
FNDA:2,configureStoreDev
DA:1,1
DA:2,1
DA:3,1
DA:4,1
DA:6,1
DA:11,1
DA:12,2
DA:14,2
LF:8
LH:8
BRF:0
BRH:0
end_of_record
TN:
SF:src\state\middleware.tsx
FN:7,getCards
FN:8,(anonymous_9)
FN:8,(anonymous_10)
FNF:3
FNH:3
FNDA:3,getCards
FNDA:3,(anonymous_9)
FNDA:3,(anonymous_10)
DA:1,1
DA:2,1
DA:3,1
DA:5,1
DA:7,1
DA:8,3
DA:9,3
DA:10,3
DA:11,3
DA:12,3
DA:16,1
LF:11
LH:11
BRF:0
BRH:0
end_of_record
TN:
SF:src\state\reducers.tsx
FN:10,CardsReducer
FN:21,(anonymous_1)
FNF:2
FNH:1
FNDA:13,CardsReducer
FNDA:0,(anonymous_1)
DA:1,1
DA:2,1
DA:3,1
DA:5,1
DA:11,13
DA:13,3
DA:15,3
DA:17,3
DA:19,0
DA:21,0
DA:23,4
DA:27,1
LF:12
LH:10
BRDA:10,0,0,4
BRDA:12,1,0,3
BRDA:12,1,1,3
BRDA:12,1,2,3
BRDA:12,1,3,0
BRDA:12,1,4,0
BRDA:12,1,5,4
BRF:7
BRH:5
end_of_record
TN:
SF:src\tests\utils.tsx
FN:6,(anonymous_1)
FNF:1
FNH:1
FNDA:2,(anonymous_1)
DA:1,1
DA:2,1
DA:3,1
DA:4,1
DA:6,1
DA:7,2
DA:8,2
LF:7
LH:7
BRF:0
BRH:0
end_of_record
